<?xml version="1.0" encoding="UTF-8"?>
<testsuite xmlns:xsi="http://www.w3.org/2001/XMLSchema-instance" xsi:noNamespaceSchemaLocation="https://maven.apache.org/surefire/maven-surefire-plugin/xsd/surefire-test-report.xsd" name="WeatherDescriberUnitTests.WeatherDescriberUnitTests" time="0.722" tests="6" errors="0" skipped="0" failures="0">
  <properties>
    <property name="java.specification.version" value="16"/>
    <property name="sun.cpu.isalist" value="amd64"/>
    <property name="sun.jnu.encoding" value="Cp1252"/>
    <property name="java.class.path" value="C:\Users\seanr\Documents\NetBeansProjects\SIG-DIAndUnitTesting\target\test-classes;C:\Users\seanr\Documents\NetBeansProjects\SIG-DIAndUnitTesting\target\classes;C:\Users\seanr\.m2\repository\org\mockito\mockito-core\2.23.4\mockito-core-2.23.4.jar;C:\Users\seanr\.m2\repository\net\bytebuddy\byte-buddy\1.9.3\byte-buddy-1.9.3.jar;C:\Users\seanr\.m2\repository\net\bytebuddy\byte-buddy-agent\1.9.3\byte-buddy-agent-1.9.3.jar;C:\Users\seanr\.m2\repository\org\objenesis\objenesis\2.6\objenesis-2.6.jar;C:\Users\seanr\.m2\repository\com\google\code\gson\gson\2.9.0\gson-2.9.0.jar;C:\Users\seanr\.m2\repository\org\junit\jupiter\junit-jupiter-api\5.8.2\junit-jupiter-api-5.8.2.jar;C:\Users\seanr\.m2\repository\org\opentest4j\opentest4j\1.2.0\opentest4j-1.2.0.jar;C:\Users\seanr\.m2\repository\org\junit\platform\junit-platform-commons\1.8.2\junit-platform-commons-1.8.2.jar;C:\Users\seanr\.m2\repository\org\apiguardian\apiguardian-api\1.1.2\apiguardian-api-1.1.2.jar;C:\Users\seanr\.m2\repository\org\junit\jupiter\junit-jupiter-params\5.8.2\junit-jupiter-params-5.8.2.jar;C:\Users\seanr\.m2\repository\org\junit\jupiter\junit-jupiter-engine\5.8.2\junit-jupiter-engine-5.8.2.jar;C:\Users\seanr\.m2\repository\org\junit\platform\junit-platform-engine\1.8.2\junit-platform-engine-1.8.2.jar;"/>
    <property name="java.vm.vendor" value="Oracle Corporation"/>
    <property name="sun.arch.data.model" value="64"/>
    <property name="user.variant" value=""/>
    <property name="java.vendor.url" value="https://java.oracle.com/"/>
    <property name="user.timezone" value="America/Chicago"/>
    <property name="os.name" value="Windows 10"/>
    <property name="java.vm.specification.version" value="16"/>
    <property name="user.country" value="US"/>
    <property name="sun.java.launcher" value="SUN_STANDARD"/>
    <property name="sun.boot.library.path" value="C:\Program Files\Java\jdk-16.0.2\bin"/>
    <property name="sun.java.command" value="C:\Users\seanr\AppData\Local\Temp\surefire4218697413828299202\surefirebooter10189619110079500336.jar C:\Users\seanr\AppData\Local\Temp\surefire4218697413828299202 2022-06-22T22-59-39_913-jvmRun1 surefire5642788219467566391tmp surefire_015655728881390196540tmp"/>
    <property name="jdk.debug" value="release"/>
    <property name="surefire.test.class.path" value="C:\Users\seanr\Documents\NetBeansProjects\SIG-DIAndUnitTesting\target\test-classes;C:\Users\seanr\Documents\NetBeansProjects\SIG-DIAndUnitTesting\target\classes;C:\Users\seanr\.m2\repository\org\mockito\mockito-core\2.23.4\mockito-core-2.23.4.jar;C:\Users\seanr\.m2\repository\net\bytebuddy\byte-buddy\1.9.3\byte-buddy-1.9.3.jar;C:\Users\seanr\.m2\repository\net\bytebuddy\byte-buddy-agent\1.9.3\byte-buddy-agent-1.9.3.jar;C:\Users\seanr\.m2\repository\org\objenesis\objenesis\2.6\objenesis-2.6.jar;C:\Users\seanr\.m2\repository\com\google\code\gson\gson\2.9.0\gson-2.9.0.jar;C:\Users\seanr\.m2\repository\org\junit\jupiter\junit-jupiter-api\5.8.2\junit-jupiter-api-5.8.2.jar;C:\Users\seanr\.m2\repository\org\opentest4j\opentest4j\1.2.0\opentest4j-1.2.0.jar;C:\Users\seanr\.m2\repository\org\junit\platform\junit-platform-commons\1.8.2\junit-platform-commons-1.8.2.jar;C:\Users\seanr\.m2\repository\org\apiguardian\apiguardian-api\1.1.2\apiguardian-api-1.1.2.jar;C:\Users\seanr\.m2\repository\org\junit\jupiter\junit-jupiter-params\5.8.2\junit-jupiter-params-5.8.2.jar;C:\Users\seanr\.m2\repository\org\junit\jupiter\junit-jupiter-engine\5.8.2\junit-jupiter-engine-5.8.2.jar;C:\Users\seanr\.m2\repository\org\junit\platform\junit-platform-engine\1.8.2\junit-platform-engine-1.8.2.jar;"/>
    <property name="sun.cpu.endian" value="little"/>
    <property name="user.home" value="C:\Users\seanr"/>
    <property name="user.language" value="en"/>
    <property name="java.specification.vendor" value="Oracle Corporation"/>
    <property name="java.version.date" value="2021-07-20"/>
    <property name="java.home" value="C:\Program Files\Java\jdk-16.0.2"/>
    <property name="file.separator" value="\"/>
    <property name="basedir" value="C:\Users\seanr\Documents\NetBeansProjects\SIG-DIAndUnitTesting"/>
    <property name="java.vm.compressedOopsMode" value="Zero based"/>
    <property name="line.separator" value="&#10;"/>
    <property name="java.vm.specification.vendor" value="Oracle Corporation"/>
    <property name="java.specification.name" value="Java Platform API Specification"/>
    <property name="surefire.real.class.path" value="C:\Users\seanr\AppData\Local\Temp\surefire4218697413828299202\surefirebooter10189619110079500336.jar"/>
    <property name="user.script" value=""/>
    <property name="sun.management.compiler" value="HotSpot 64-Bit Tiered Compilers"/>
    <property name="java.runtime.version" value="16.0.2+7-67"/>
    <property name="user.name" value="seanr"/>
    <property name="path.separator" value=";"/>
    <property name="os.version" value="10.0"/>
    <property name="java.runtime.name" value="Java(TM) SE Runtime Environment"/>
    <property name="file.encoding" value="UTF-8"/>
    <property name="java.vm.name" value="Java HotSpot(TM) 64-Bit Server VM"/>
    <property name="maven.ext.class.path" value="C:\Program Files\NetBeans-13\netbeans\java\maven-nblib\netbeans-eventspy.jar"/>
    <property name="localRepository" value="C:\Users\seanr\.m2\repository"/>
    <property name="java.vendor.url.bug" value="https://bugreport.java.com/bugreport/"/>
    <property name="java.io.tmpdir" value="C:\Users\seanr\AppData\Local\Temp\"/>
    <property name="java.version" value="16.0.2"/>
    <property name="user.dir" value="C:\Users\seanr\Documents\NetBeansProjects\SIG-DIAndUnitTesting"/>
    <property name="os.arch" value="amd64"/>
    <property name="java.vm.specification.name" value="Java Virtual Machine Specification"/>
    <property name="sun.os.patch.level" value=""/>
    <property name="java.library.path" value="C:\Program Files\Java\jdk-16.0.2\bin;C:\WINDOWS\Sun\Java\bin;C:\WINDOWS\system32;C:\WINDOWS;C:\Python310\Scripts\;C:\Python310\;C:\Program Files\Common Files\Oracle\Java\javapath;C:\WINDOWS\system32;C:\WINDOWS;C:\WINDOWS\System32\Wbem;C:\WINDOWS\System32\WindowsPowerShell\v1.0\;C:\WINDOWS\System32\OpenSSH\;C:\Program Files\dotnet\;C:\Program Files\Microsoft SQL Server\130\Tools\Binn\;C:\Program Files\Microsoft\Web Platform Installer\;C:\Program Files\Intel\WiFi\bin\;C:\Program Files\Common Files\Intel\WirelessCommon\;C:\Program Files\PuTTY\;C:\Program Files (x86)\Microsoft Visual Studio\Shared\Python37_64;C:\users\seanr\appdata\roaming\python\python37\scripts\;C:\Program Files\Microsoft SQL Server\Client SDK\ODBC\170\Tools\Binn\;C:\ProgramData\chocolatey\bin;C:\Program Files\PostgreSQL\12\bin\;C:\Users\seanr\Documents\mongodb-win32-x86_64-2012plus-4.2.5\bin;C:\Program Files (x86)\Intel\Intel(R) Management Engine Components\DAL;C:\Program Files\Intel\Intel(R) Management Engine Components\DAL;C:\Program Files\Git\cmd;C:\Program Files\Java\jdk-16.0.2\bin\;C:\Program Files\Microsoft SQL Server\150\Tools\Binn\;C:\Program Files\nodejs\;C:\Users\seanr\.cargo\bin;C:\Users\seanr\AppData\Local\Programs\Python\Python39\Scripts\;C:\Users\seanr\AppData\Local\Programs\Python\Python39\;C:\Users\seanr\AppData\Local\Programs\Python\Python37-32\Scripts\;C:\Users\seanr\AppData\Local\Programs\Python\Python37-32\;C:\Users\seanr\AppData\Local\Programs\Python\Python38-32\Scripts\;C:\Program Files\PostgreSQL\12\bin\pg_config.exe;C:\Users\seanr\AppData\Local\Programs\Python\Python38-32\;C:\Users\seanr\AppData\Local\Microsoft\WindowsApps;C:\Users\seanr\.dotnet\tools;C:\Program Files\nodejs\;C:\Users\seanr\PycharmProjects\DeansListScraper\venv\Scripts\python.exe;C:\Program Files\PostgreSQL\12\bin\;C:\Users\seanr\AppData\Local\Microsoft\WindowsApps;C:\Users\seanr\.dotnet\tools;C:\Users\seanr\AppData\Local\Programs\Microsoft VS Code\bin;C:\Users\seanr\AppData\Local\GitHubDesktop\bin;C:\Program Files\JetBrains\IntelliJ IDEA Community Edition 2021.2.1\bin;;C:\Program Files\JetBrains\PyCharm 2021.2.2\bin;;C:\Program Files\heroku\bin;C:\Users\seanr\AppData\Roaming\npm;C:\Program Files\JetBrains\IntelliJ IDEA 2022.1.1\bin;;."/>
    <property name="java.vm.info" value="mixed mode, sharing"/>
    <property name="java.vendor" value="Oracle Corporation"/>
    <property name="java.vm.version" value="16.0.2+7-67"/>
    <property name="sun.io.unicode.encoding" value="UnicodeLittle"/>
    <property name="java.class.version" value="60.0"/>
  </properties>
  <testcase name="WeatherDescriber_ShouldGrabJacket_WhenTempIsNeg1" classname="WeatherDescriberUnitTests.WeatherDescriberUnitTests" time="0.693"/>
  <testcase name="WeatherDescriber_ShouldSHEESH_WhenTempIsNeg60" classname="WeatherDescriberUnitTests.WeatherDescriberUnitTests" time="0"/>
  <testcase name="WeatherDescriber_ShouldHaveNoOpinion_WhenTempIs30" classname="WeatherDescriberUnitTests.WeatherDescriberUnitTests" time="0.001"/>
  <testcase name="WeatherDescriber_ShouldRespondWithError_WhenAPIRaisesError" classname="WeatherDescriberUnitTests.WeatherDescriberUnitTests" time="0.004"/>
  <testcase name="WeatherDescriber_ShouldBeHot_WhenTempIs33" classname="WeatherDescriberUnitTests.WeatherDescriberUnitTests" time="0.001"/>
  <testcase name="WeatherDescriber_ShouldCallAPI_Always" classname="WeatherDescriberUnitTests.WeatherDescriberUnitTests" time="0.01"/>
</testsuite>